app/build/outputs/mapping/release/seeds.txt
com.orventro.equationsystem.MainActivity
com.orventro.equationsystem.MainActivity: MainActivity()
com.orventro.equationsystem.MainActivity: java.lang.String solveEquationSystem(java.lang.String[],float)
com.orventro.equationsystem.MainActivity: void onClick(android.view.View)
com.orventro.equationsystem.R$anim: int abc_fade_in
com.orventro.equationsystem.R$anim: int abc_fade_out
com.orventro.equationsystem.R$anim: int abc_grow_fade_in_from_bottom
com.orventro.equationsystem.R$anim: int abc_popup_enter
com.orventro.equationsystem.R$anim: int abc_popup_exit
com.orventro.equationsystem.R$anim: int abc_shrink_fade_out_from_bottom
com.orventro.equationsystem.R$anim: int abc_slide_in_bottom
com.orventro.equationsystem.R$anim: int abc_slide_in_top
com.orventro.equationsystem.R$anim: int abc_slide_out_bottom
com.orventro.equationsystem.R$anim: int abc_slide_out_top
com.orventro.equationsystem.R$attr: int actionBarDivider
com.orventro.equationsystem.R$attr: int actionBarItemBackground
com.orventro.equationsystem.R$attr: int actionBarPopupTheme
com.orventro.equationsystem.R$attr: int actionBarSize
com.orventro.equationsystem.R$attr: int actionBarSplitStyle
com.orventro.equationsystem.R$attr: int actionBarStyle
com.orventro.equationsystem.R$attr: int actionBarTabBarStyle
com.orventro.equationsystem.R$attr: int actionBarTabStyle
com.orventro.equationsystem.R$attr: int actionBarTabTextStyle
com.orventro.equationsystem.R$attr: int actionBarTheme
com.orventro.equationsystem.R$attr: int actionBarWidgetTheme
com.orventro.equationsystem.R$attr: int actionButtonStyle
com.orventro.equationsystem.R$attr: int actionDropDownStyle
com.orventro.equationsystem.R$attr: int actionLayout
com.orventro.equationsystem.R$attr: int actionMenuTextAppearance
com.orventro.equationsystem.R$attr: int actionMenuTextColor
com.orventro.equationsystem.R$attr: int actionModeBackground
com.orventro.equationsystem.R$attr: int actionModeCloseButtonStyle
com.orventro.equationsystem.R$attr: int actionModeCloseDrawable
com.orventro.equationsystem.R$attr: int actionModeCopyDrawable
com.orventro.equationsystem.R$attr: int actionModeCutDrawable
com.orventro.equationsystem.R$attr: int actionModeFindDrawable
com.orventro.equationsystem.R$attr: int actionModePasteDrawable
com.orventro.equationsystem.R$attr: int actionModePopupWindowStyle
com.orventro.equationsystem.R$bool: int abc_action_bar_embed_tabs
com.orventro.equationsystem.R$bool: int abc_allow_stacked_button_bar
com.orventro.equationsystem.R$bool: int abc_config_actionMenuItemAllCaps
com.orventro.equationsystem.R$bool: int abc_config_closeDialogWhenTouchOutside
com.orventro.equationsystem.R$bool: int abc_config_showMenuShortcutsWhenKeyboardPresent
...
android.support.v4.app.BaseFragmentActivityJB: BaseFragmentActivityJB()
android.support.v4.app.Fragment$SavedState: android.os.Parcelable$Creator CREATOR
android.support.v4.app.FragmentActivity: FragmentActivity()
android.support.v4.app.FragmentManagerState: android.os.Parcelable$Creator CREATOR
android.support.v4.app.FragmentState: android.os.Parcelable$Creator CREATOR
android.support.v4.app.FragmentTabHost: void setOnTabChangedListener(android.widget.TabHost$OnTabChangeListener)
android.support.v4.app.FragmentTabHost$SavedState: android.os.Parcelable$Creator CREATOR
android.support.v4.app.SupportActivity: SupportActivity()
android.support.v4.content.ModernAsyncTask$Status: android.support.v4.content.ModernAsyncTask$Status[] values()
android.support.v4.content.ModernAsyncTask$Status: android.support.v4.content.ModernAsyncTask$Status valueOf(java.lang.String)
android.support.v4.media.MediaBrowserCompat$MediaItem: android.os.Parcelable$Creator CREATOR
android.support.v4.media.MediaDescriptionCompat: android.os.Parcelable$Creator CREATOR
android.support.v4.media.MediaMetadataCompat: android.os.Parcelable$Creator CREATOR
android.support.v4.media.RatingCompat: android.os.Parcelable$Creator CREATOR
android.support.v4.media.session.MediaSessionCompat$QueueItem: android.os.Parcelable$Creator CREATOR
android.support.v4.media.session.MediaSessionCompat$ResultReceiverWrapper: android.os.Parcelable$Creator CREATOR
android.support.v4.media.session.MediaSessionCompat$Token: android.os.Parcelable$Creator CREATOR
android.support.v4.media.session.ParcelableVolumeInfo: android.os.Parcelable$Creator CREATOR
android.support.v4.media.session.PlaybackStateCompat: android.os.Parcelable$Creator CREATOR
android.support.v4.media.session.PlaybackStateCompat$CustomAction: android.os.Parcelable$Creator CREATOR
android.support.v4.os.ResultReceiver: android.os.Parcelable$Creator CREATOR
android.support.v4.view.AbsSavedState: android.os.Parcelable$Creator CREATOR
android.support.v4.view.PagerTabStrip: void setTabIndicatorColor(int)
android.support.v4.view.PagerTabStrip: void setTabIndicatorColorResource(int)
android.support.v4.view.PagerTabStrip: int getTabIndicatorColor()
android.support.v4.view.PagerTabStrip: void setTextSpacing(int)
android.support.v4.view.PagerTabStrip: void setBackgroundDrawable(android.graphics.drawable.Drawable)
android.support.v4.view.PagerTabStrip: void setBackgroundColor(int)
android.support.v4.view.PagerTabStrip: void setBackgroundResource(int)
android.support.v4.view.PagerTabStrip: void setDrawFullUnderline(boolean)
android.support.v4.view.PagerTabStrip: boolean getDrawFullUnderline()
android.support.v4.view.PagerTabStrip: int getMinHeight()
android.support.v4.view.PagerTitleStrip: void setSingleLineAllCaps(android.widget.TextView)
android.support.v4.view.PagerTitleStrip: void setTextSpacing(int)
android.support.v4.view.PagerTitleStrip: int getTextSpacing()
android.support.v4.view.PagerTitleStrip: void setNonPrimaryAlpha(float)
android.support.v4.view.PagerTitleStrip: void setTextColor(int)
android.support.v4.view.PagerTitleStrip: void setGravity(int)
android.support.v4.view.PagerTitleStrip: int getMinHeight()