app/build/outputs/mapping/release/mapping.txt
com.orventro.equationsystem.InputHistory -> com.orventro.equationsystem.a:
    java.lang.String[][] inputHistory -> a
    int[] selectionHistory -> b
    int[] focusedEditTextIndexHistory -> c
    int history_length -> d
    int activeHistoryIndex -> e
    boolean[][] visibleInputIndexHistory -> f
    void <init>(int,int) -> <init>
    void <init>(java.lang.String[][],int[],int[],boolean[][],int) -> <init>
    java.lang.String[] getActiveInput() -> a
    java.lang.String[][] getAllInput() -> b
    int getActiveSelectionIndex() -> c
    int[] getAllSelectionIndexes() -> d
    int getActiveFocusedEditTextIndex() -> e
    int[] getAllFocusedEditTextIndexes() -> f
    boolean[] getActiveVisibleInputIndex() -> g
    boolean[][] getAllVisibleInputIndexes() -> h
    int getActiveHistoryIndex() -> i
    void moveHistory(int) -> a
    void updateHistory(java.lang.String[],int,int,boolean[]) -> a
    void updateHistory(int) -> b
com.orventro.equationsystem.MainActivity -> com.orventro.equationsystem.MainActivity:
    java.lang.String[] funcStr -> m
    android.widget.Button mult -> n
    android.widget.Button div -> o
    android.widget.Button add -> p
    android.widget.Button subtr -> q
    android.widget.Button deg -> r
    android.widget.Button x -> s
    android.widget.Button select_var -> t
    android.widget.Button calc -> u
    android.widget.Button undoBtn -> v
    android.widget.Button redoBtn -> w
    android.widget.Button left_bracket -> x
    android.widget.Button right_bracket -> y
    android.widget.Button select_func -> z
    android.widget.Button point -> A
    android.widget.Button C -> B
    android.widget.Button add_equation -> C
    android.widget.Button deg_rad -> D
    android.widget.Button[] n -> E
    android.widget.Button[] delete_equation -> F
    android.widget.Button[] varBtn -> G
    android.widget.Button[] funcBtn -> H
    android.widget.EditText[] editText -> I
    android.widget.LinearLayout[] edText_container -> J
    android.widget.ImageView left_arrow -> K
    android.widget.ImageView right_arrow -> L
    android.widget.ImageView settings -> M
    android.widget.ImageView erase -> N
    android.widget.TextView output -> O
    int activeEditText -> P
    int selection -> Q
    java.lang.String[] input -> R
    android.widget.LinearLayout var_container -> S
    android.widget.LinearLayout func_container -> T
    android.widget.LinearLayout input_container -> U
com.orventro.equationsystem.MainActivity$BackgroundCalc -> com.orventro.equationsystem.MainActivity$a:
    java.lang.String[] exprStr -> a
    int sl -> b
    java.lang.String answer -> c
    com.orventro.equationsystem.MainActivity this$0 -> d
    void <init>(com.orventro.equationsystem.MainActivity) -> <init>
    void onPreExecute() -> onPreExecute
    java.lang.Void doInBackground(java.lang.Void[]) -> a
    void onPostExecute(java.lang.Void) -> a
    void onPostExecute(java.lang.Object) -> onPostExecute
    java.lang.Object doInBackground(java.lang.Object[]) -> doInBackground
com.orventro.equationsystem.SettingsActivity -> com.orventro.equationsystem.SettingsActivity:
    android.widget.SeekBar accuracyBar -> m
    android.widget.TextView accuracyTextView -> n
    android.widget.ImageView back -> o
    android.content.SharedPreferences sp -> p
    android.content.SharedPreferences$Editor editor -> q
    android.widget.Button toDefault -> r
    void <init>() -> <init>
    void onCreate(android.os.Bundle) -> onCreate
    void finishActivity() -> i
    void onProgressChanged(android.widget.SeekBar,int,boolean) -> onProgressChanged
    void onStartTrackingTouch(android.widget.SeekBar) -> onStartTrackingTouch
    void onStopTrackingTouch(android.widget.SeekBar) -> onStopTrackingTouch
    void onClick(android.view.View) -> onClick
...
android.support.v4.view.ViewCompat -> android.support.v4.g.ae:
    android.support.v4.view.ViewCompat$ViewCompatImpl IMPL -> a
    boolean canScrollVertically(android.view.View,int) -> a
    void setAccessibilityDelegate(android.view.View,android.support.v4.view.AccessibilityDelegateCompat) -> a
    void postInvalidateOnAnimation(android.view.View) -> a
    void postOnAnimation(android.view.View,java.lang.Runnable) -> a
    void postOnAnimationDelayed(android.view.View,java.lang.Runnable,long) -> a
    void setLayerType(android.view.View,int,android.graphics.Paint) -> a
    int getLayerType(android.view.View) -> b
    int getLayoutDirection(android.view.View) -> c
    int resolveSizeAndState(int,int,int) -> a
    int getMeasuredWidthAndState(android.view.View) -> d
    int getMeasuredState(android.view.View) -> e
    int combineMeasuredStates(int,int) -> a
    float getTranslationY(android.view.View) -> f
    int getMinimumHeight(android.view.View) -> g
    android.support.v4.view.ViewPropertyAnimatorCompat animate(android.view.View) -> h
    void setTranslationY(android.view.View,float) -> a
    void setAlpha(android.view.View,float) -> b
    void setElevation(android.view.View,float) -> c
    java.lang.String getTransitionName(android.view.View) -> i
    int getWindowSystemUiVisibility(android.view.View) -> j
    void requestApplyInsets(android.view.View) -> k
    void jumpDrawablesToCurrentState(android.view.View) -> l
android.support.v4.view.ViewCompat$Api24ViewCompatImpl -> android.support.v4.g.ae$a:
    void <init>() -> <init>
android.support.v4.view.ViewCompat$BaseViewCompatImpl -> android.support.v4.g.ae$b:
    java.util.WeakHashMap mViewPropertyAnimatorCompatMap -> a
    void <init>() -> <init>
    boolean canScrollVertically(android.view.View,int) -> a
    void setAccessibilityDelegate(android.view.View,android.support.v4.view.AccessibilityDelegateCompat) -> a
    void postInvalidateOnAnimation(android.view.View) -> a
    void postOnAnimation(android.view.View,java.lang.Runnable) -> a
    void postOnAnimationDelayed(android.view.View,java.lang.Runnable,long) -> a
    long getFrameTime() -> a
    void setLayerType(android.view.View,int,android.graphics.Paint) -> a
    int getLayerType(android.view.View) -> b
    int getLayoutDirection(android.view.View) -> c
    int resolveSizeAndState(int,int,int) -> a
    int getMeasuredWidthAndState(android.view.View) -> d
    int getMeasuredState(android.view.View) -> e
    boolean hasOverlappingRendering(android.view.View) -> f
    float getTranslationY(android.view.View) -> g
    int getMinimumHeight(android.view.View) -> h
    android.support.v4.view.ViewPropertyAnimatorCompat animate(android.view.View) -> i
    void setTranslationY(android.view.View,float) -> a
    void setAlpha(android.view.View,float) -> b
    java.lang.String getTransitionName(android.view.View) -> j
    int getWindowSystemUiVisibility(android.view.View) -> k
    void requestApplyInsets(android.view.View) -> l
    void setElevation(android.view.View,float) -> c
android.support.v4.view.ViewCompat$HCViewCompatImpl -> android.support.v4.g.ae$c:
    void <init>() -> <init>
    long getFrameTime() -> a
    void setLayerType(android.view.View,int,android.graphics.Paint) -> a
    int getLayerType(android.view.View) -> b
    int resolveSizeAndState(int,int,int) -> a
    int getMeasuredWidthAndState(android.view.View) -> d
    int getMeasuredState(android.view.View) -> e
    float getTranslationY(android.view.View) -> g
    void setTranslationY(android.view.View,float) -> a
    void setAlpha(android.view.View,float) -> b
    void jumpDrawablesToCurrentState(android.view.View) -> m
    void setSaveFromParentEnabled(android.view.View,boolean) -> a
    void setActivated(android.view.View,boolean) -> b
    int combineMeasuredStates(int,int) -> a
android.support.v4.view.ViewCompat$ICSMr1ViewCompatImpl -> android.support.v4.g.ae$d:
    void <init>() -> <init>
    boolean hasOnClickListeners(android.view.View) -> s