app/build/outputs/mapping/release/usage.txt
com.orventro.equationsystem.BuildConfig
com.orventro.equationsystem.R
com.orventro.equationsystem.R$anim
com.orventro.equationsystem.R$attr
com.orventro.equationsystem.R$bool
com.orventro.equationsystem.R$color
com.orventro.equationsystem.R$dimen
com.orventro.equationsystem.R$drawable
com.orventro.equationsystem.R$id
com.orventro.equationsystem.R$integer
com.orventro.equationsystem.R$layout
com.orventro.equationsystem.R$mipmap
com.orventro.equationsystem.R$string
com.orventro.equationsystem.R$style
com.orventro.equationsystem.R$styleable
...
android.support.v4.net.ConnectivityManagerCompat
android.support.v4.net.ConnectivityManagerCompat$Api24ConnectivityManagerCompatImpl
android.support.v4.net.ConnectivityManagerCompat$BaseConnectivityManagerCompatImpl
android.support.v4.net.ConnectivityManagerCompat$ConnectivityManagerCompatImpl
android.support.v4.net.ConnectivityManagerCompat$HoneycombMR2ConnectivityManagerCompatImpl
android.support.v4.net.ConnectivityManagerCompat$JellyBeanConnectivityManagerCompatImpl
android.support.v4.net.ConnectivityManagerCompat$RestrictBackgroundStatus
android.support.v4.net.ConnectivityManagerCompatApi24
android.support.v4.net.ConnectivityManagerCompatHoneycombMR2
android.support.v4.net.ConnectivityManagerCompatJellyBean
android.support.v4.net.DatagramSocketWrapper
android.support.v4.net.DatagramSocketWrapper$DatagramSocketImplWrapper
android.support.v4.net.TrafficStatsCompat
android.support.v4.net.TrafficStatsCompat$Api24TrafficStatsCompatImpl
android.support.v4.net.TrafficStatsCompat$BaseTrafficStatsCompatImpl
android.support.v4.net.TrafficStatsCompat$BaseTrafficStatsCompatImpl$1
android.support.v4.net.TrafficStatsCompat$BaseTrafficStatsCompatImpl$SocketTags
android.support.v4.net.TrafficStatsCompat$IcsTrafficStatsCompatImpl
android.support.v4.net.TrafficStatsCompat$TrafficStatsCompatImpl
android.support.v4.net.TrafficStatsCompatApi24
android.support.v4.net.TrafficStatsCompatIcs
android.support.v4.os.AsyncTaskCompat:
    54:54:private AsyncTaskCompat()
android.support.v4.os.AsyncTaskCompatHoneycomb:
    29:29:AsyncTaskCompatHoneycomb()
android.support.v4.os.BuildCompat:
    27:28:private BuildCompat()
    45:45:public static boolean isAtLeastNMR1()
    54:55:public static boolean isAtLeastO()
android.support.v4.os.CancellationSignal
android.support.v4.os.CancellationSignal$OnCancelListener
android.support.v4.os.CancellationSignalCompatJellybean
android.support.v4.os.EnvironmentCompat
android.support.v4.os.EnvironmentCompatKitKat
android.support.v4.os.IResultReceiver
android.support.v4.os.IResultReceiver$Stub
android.support.v4.os.IResultReceiver$Stub$Proxy
android.support.v4.os.OperationCanceledException
android.support.v4.os.ParcelableCompat:
    60:60:private ParcelableCompat()
android.support.v4.os.ParcelableCompatCreatorHoneycombMR2Stub:
    26:26:ParcelableCompatCreatorHoneycombMR2Stub()
android.support.v4.os.ResultReceiver
android.support.v4.os.ResultReceiver$1
android.support.v4.os.ResultReceiver$MyResultReceiver
android.support.v4.os.ResultReceiver$MyRunnable
android.support.v4.os.TraceCompat
android.support.v4.os.TraceJellybeanMR2
android.support.v4.os.UserManagerCompat
android.support.v4.os.UserManagerCompatApi24
android.support.v4.print.PrintHelper
android.support.v4.print.PrintHelper$1
android.support.v4.print.PrintHelper$OnPrintFinishCallback
android.support.v4.print.PrintHelper$PrintHelperApi20Impl
android.support.v4.print.PrintHelper$PrintHelperApi23Impl
android.support.v4.print.PrintHelper$PrintHelperApi24Impl
android.support.v4.print.PrintHelper$PrintHelperImpl
android.support.v4.print.PrintHelper$PrintHelperImpl$1
android.support.v4.print.PrintHelper$PrintHelperImpl$2
android.support.v4.print.PrintHelper$PrintHelperKitkatImpl
android.support.v4.print.PrintHelper$PrintHelperStubImpl
android.support.v4.print.PrintHelper$PrintHelperVersionImpl
android.support.v4.print.PrintHelperApi20
android.support.v4.print.PrintHelperApi23
android.support.v4.print.PrintHelperApi24
android.support.v4.print.PrintHelperKitkat
android.support.v4.print.PrintHelperKitkat$1
android.support.v4.print.PrintHelperKitkat$2
android.support.v4.print.PrintHelperKitkat$3
android.support.v4.print.PrintHelperKitkat$3$1
android.support.v4.print.PrintHelperKitkat$3$1$1
android.support.v4.print.PrintHelperKitkat$OnPrintFinishCallback
android.support.v4.provider.DocumentFile
android.support.v4.provider.DocumentsContractApi19
android.support.v4.provider.DocumentsContractApi21
android.support.v4.provider.RawDocumentFile